<?xml version="1.0" encoding="UTF-8"?>
<!-- Generated by org.testng.reporters.JUnitXMLReporter -->
<testsuite ignored="0" hostname="LAPTOP-V4U774QS" failures="0" tests="5" name="Test" time="24.183" errors="0" timestamp="03 Jul 2021 16:47:00 GMT">
  <testcase classname="JustDialPages.Main" name="startAndRemoveAd" time="16.957"/>
  <testcase classname="JustDialPages.Main" name="CarServiceInfoSearching" time="2.149"/>
  <testcase classname="JustDialPages.Main" name="Listing" time="2.291"/>
  <testcase classname="JustDialPages.Main" name="Fitness" time="2.715"/>
  <testcase classname="JustDialPages.Main" name="closeBrowser" time="0.051"/>
</testsuite> <!-- Test -->
