<?xml version="1.0" encoding="UTF-8"?>
<testng-results ignored="0" total="5" passed="5" failed="0" skipped="0">
  <reporter-output>
  </reporter-output>
  <suite started-at="2021-07-03T16:46:36Z" name="Suite" finished-at="2021-07-03T16:47:00Z" duration-ms="24183">
    <groups>
    </groups>
    <test started-at="2021-07-03T16:46:36Z" name="Test" finished-at="2021-07-03T16:47:00Z" duration-ms="24183">
      <class name="JustDialPages.Main">
        <test-method signature="startAndRemoveAd()[pri:0, instance:JustDialPages.Main@6f7923a5]" started-at="2021-07-03T16:46:36Z" name="startAndRemoveAd" finished-at="2021-07-03T16:46:53Z" duration-ms="16957" status="PASS">
          <reporter-output>
          </reporter-output>
        </test-method> <!-- startAndRemoveAd -->
        <test-method signature="CarServiceInfoSearching()[pri:1, instance:JustDialPages.Main@6f7923a5]" started-at="2021-07-03T16:46:53Z" name="CarServiceInfoSearching" finished-at="2021-07-03T16:46:55Z" duration-ms="2149" status="PASS">
          <reporter-output>
          </reporter-output>
        </test-method> <!-- CarServiceInfoSearching -->
        <test-method signature="Listing()[pri:2, instance:JustDialPages.Main@6f7923a5]" started-at="2021-07-03T16:46:55Z" name="Listing" finished-at="2021-07-03T16:46:57Z" duration-ms="2291" status="PASS">
          <reporter-output>
          </reporter-output>
        </test-method> <!-- Listing -->
        <test-method signature="Fitness()[pri:3, instance:JustDialPages.Main@6f7923a5]" started-at="2021-07-03T16:46:57Z" name="Fitness" finished-at="2021-07-03T16:47:00Z" duration-ms="2715" status="PASS">
          <reporter-output>
          </reporter-output>
        </test-method> <!-- Fitness -->
        <test-method signature="closeBrowser()[pri:4, instance:JustDialPages.Main@6f7923a5]" started-at="2021-07-03T16:47:00Z" name="closeBrowser" finished-at="2021-07-03T16:47:00Z" duration-ms="51" status="PASS">
          <reporter-output>
          </reporter-output>
        </test-method> <!-- closeBrowser -->
      </class> <!-- JustDialPages.Main -->
    </test> <!-- Test -->
  </suite> <!-- Suite -->
</testng-results>
